<?xml version="1.0" encoding="UTF-8"?>
<!-- Generated by org.testng.reporters.JUnitReportReporter -->
<testsuite hostname="Lenovo-PC" name="daghsdgvas.xcsd.xxx.FirstTest" tests="1" failures="0" timestamp="4 Mar 2018 21:41:56 GMT" time="0.038" errors="0">
  <testcase name="ma" time="0.038" classname="daghsdgvas.xcsd.xxx.FirstTest"/>
</testsuite> <!-- daghsdgvas.xcsd.xxx.FirstTest -->
