<?xml version="1.0" encoding="UTF-8"?>
<!-- Generated by org.testng.reporters.JUnitReportReporter -->
<testsuite hostname="Lenovo-PC" name="daghsdgvas.xcsd.xxx.MTest" tests="2" failures="0" timestamp="4 Mar 2018 21:42:26 GMT" time="0.015" errors="0">
  <testcase name="ff" time="0.015" classname="daghsdgvas.xcsd.xxx.MTest"/>
  <testcase name="tt" time="0.000" classname="daghsdgvas.xcsd.xxx.MTest"/>
</testsuite> <!-- daghsdgvas.xcsd.xxx.MTest -->
